
Pro/ENGINEER STEP ƒCƒ“ƒ|[ƒgƒƒOƒtƒ@ƒCƒ‹

“Η‚έ‚έJnΤ: Mon Jun 30 18:19:23 2003

STEP ƒtƒ@ƒCƒ‹ƒwƒbƒ_[ξ•ρ

         File Description: 
     Implementation level: 2;1
                     Name: RV-12SL_ASM
               Time Stamp: 2003-06-30T
                   Author: toyoshima
             Organization: 
     Preprocessor Version: PRO/ENGINEER BY PARAMETRIC TECHNOLOGY CORPORATION, 2002080
       Originating System: PRO/ENGINEER BY PARAMETRIC TECHNOLOGY CORPORATION, 2002080
            Authorization: 
              File Schema: CONFIG_CONTROL_DESIGN


ADVANCED_BREP_SHAPE_REPRESENTATION                    13
ADVANCED_FACE                                        705
APPLICATION_CONTEXT                                   22
APPLICATION_PROTOCOL_DEFINITION                       22
APPROVAL                                               1
APPROVAL_DATE_TIME                                     1
APPROVAL_PERSON_ORGANIZATION                           1
APPROVAL_ROLE                                          1
APPROVAL_STATUS                                        1
AXIS2_PLACEMENT_3D                                   554
BOUNDED_SURFACE                                      336
BREP_WITH_VOIDS                                        2
B_SPLINE_CURVE_WITH_KNOTS                            404
B_SPLINE_SURFACE                                     336
B_SPLINE_SURFACE_WITH_KNOTS                          705
CALENDAR_DATE                                          1
CARTESIAN_POINT                                    27386
CC_DESIGN_APPROVAL                                     1
CC_DESIGN_DATE_AND_TIME_ASSIGNMENT                     2
CC_DESIGN_PERSON_AND_ORGANIZATION_ASSIGNMENT           4
CC_DESIGN_SECURITY_CLASSIFICATION                      1
CIRCLE                                               496
CLOSED_SHELL                                          15
CONTEXT_DEPENDENT_SHAPE_REPRESENTATION                22
CONVERSION_BASED_UNIT                                 22
COORDINATED_UNIVERSAL_TIME_OFFSET                      1
DATE_AND_TIME                                          1
DATE_TIME_ROLE                                         2
DESIGN_CONTEXT                                        22
DIMENSIONAL_EXPONENTS                                 22
DIRECTION                                           1978
EDGE_CURVE                                          1770
EDGE_LOOP                                            763
FACE_BOUND                                            58
FACE_OUTER_BOUND                                     705
FILE_DESCRIPTION                                       1
FILE_NAME                                              1
FILE_SCHEMA                                            1
GEOMETRIC_REPRESENTATION_CONTEXT                      22
GEOMETRIC_REPRESENTATION_ITEM                        336
GLOBAL_UNCERTAINTY_ASSIGNED_CONTEXT                   22
GLOBAL_UNIT_ASSIGNED_CONTEXT                          22
ITEM_DEFINED_TRANSFORMATION                           22
LENGTH_UNIT                                           22
LINE                                                 870
LOCAL_TIME                                             1
MANIFOLD_SOLID_BREP                                   11
MECHANICAL_CONTEXT                                    22
NAMED_UNIT                                            88
NEXT_ASSEMBLY_USAGE_OCCURRENCE                        22
ORGANIZATION                                           1
ORIENTED_CLOSED_SHELL                                  2
ORIENTED_EDGE                                       3540
PERSON                                                 1
PERSON_AND_ORGANIZATION                                1
PERSON_AND_ORGANIZATION_ROLE                           4
PLANE_ANGLE_MEASURE_WITH_UNIT                         22
PLANE_ANGLE_UNIT                                      44
PRODUCT                                               22
PRODUCT_CATEGORY                                       2
PRODUCT_CATEGORY_RELATIONSHIP                          2
PRODUCT_DEFINITION                                    22
PRODUCT_DEFINITION_FORMATION_WITH_SPECIFIED_SOURCE    22
PRODUCT_DEFINITION_SHAPE                              44
PRODUCT_RELATED_PRODUCT_CATEGORY                       2
RATIONAL_B_SPLINE_SURFACE                            336
REPRESENTATION_CONTEXT                                22
REPRESENTATION_ITEM                                  336
REPRESENTATION_RELATIONSHIP                           22
REPRESENTATION_RELATIONSHIP_WITH_TRANSFORMATION       22
SECURITY_CLASSIFICATION                                1
SECURITY_CLASSIFICATION_LEVEL                          1
SHAPE_DEFINITION_REPRESENTATION                       22
SHAPE_REPRESENTATION                                   9
SHAPE_REPRESENTATION_RELATIONSHIP                     22
SI_UNIT                                               66
SOLID_ANGLE_UNIT                                      22
SURFACE                                              336
UNCERTAINTY_MEASURE_WITH_UNIT                         22
VECTOR                                               870
VERTEX_POINT                                        1137

TOTAL                                              44816


“Η‚έ‚έI—ΉΤ: Mon Jun 30 18:19:25 2003

‘“Η‚έ‚έΤ: 00:00:02.



¥β¥Η¥λ¤Ξ¥Χ¥ν¥»¥ΉΎπΚσ rv-12sl_top:

¥Χ¥ν¥»¥Ή½Ξ»»ώ΄Φ: Mon Jun 30 18:19:26 2003

Αν¥Χ¥ν¥»¥Ή»ώ΄Φ: 00:00:01.


¥β¥Η¥λ¤Ξ¥Χ¥ν¥»¥ΉΎπΚσ RV-12SL_ASM_5:

¥Χ¥ν¥»¥Ή½Ξ»»ώ΄Φ: Mon Jun 30 18:19:26 2003

Αν¥Χ¥ν¥»¥Ή»ώ΄Φ: 00:00:00.


¥β¥Η¥λ¤Ξ¥Χ¥ν¥»¥ΉΎπΚσ RV-12SL_SKELTON_3:

¥Χ¥ν¥»¥Ή½Ξ»»ώ΄Φ: Mon Jun 30 18:19:26 2003

Αν¥Χ¥ν¥»¥Ή»ώ΄Φ: 00:00:00.


¥β¥Η¥λ¤Ξ¥Χ¥ν¥»¥ΉΎπΚσ RV-12S_BASE_ASSY_ASM_6:

¥Χ¥ν¥»¥Ή½Ξ»»ώ΄Φ: Mon Jun 30 18:19:26 2003

Αν¥Χ¥ν¥»¥Ή»ώ΄Φ: 00:00:00.


¥β¥Η¥λ¤Ξ¥Χ¥ν¥»¥ΉΎπΚσ RV-12S_BASE_6:

¥Χ¥ν¥»¥Ή½Ξ»»ώ΄Φ: Mon Jun 30 18:19:29 2003

Αν¥Χ¥ν¥»¥Ή»ώ΄Φ: 00:00:03.


¥β¥Η¥λ¤Ξ¥Χ¥ν¥»¥ΉΎπΚσ RV-12S_SHOULDER_ASSY_ASM_3:

¥Χ¥ν¥»¥Ή½Ξ»»ώ΄Φ: Mon Jun 30 18:19:29 2003

Αν¥Χ¥ν¥»¥Ή»ώ΄Φ: 00:00:00.


¥β¥Η¥λ¤Ξ¥Χ¥ν¥»¥ΉΎπΚσ RV-12S_SHOULDER_4:

¥Χ¥ν¥»¥Ή½Ξ»»ώ΄Φ: Mon Jun 30 18:19:30 2003

Αν¥Χ¥ν¥»¥Ή»ώ΄Φ: 00:00:01.


¥β¥Η¥λ¤Ξ¥Χ¥ν¥»¥ΉΎπΚσ RV-12S_SHOULDER_COVER_2:

¥Χ¥ν¥»¥Ή½Ξ»»ώ΄Φ: Mon Jun 30 18:19:30 2003

Αν¥Χ¥ν¥»¥Ή»ώ΄Φ: 00:00:00.


¥β¥Η¥λ¤Ξ¥Χ¥ν¥»¥ΉΎπΚσ RV-12SL_NO1ARM_ASSY_ASM_4:

¥Χ¥ν¥»¥Ή½Ξ»»ώ΄Φ: Mon Jun 30 18:19:30 2003

Αν¥Χ¥ν¥»¥Ή»ώ΄Φ: 00:00:00.


¥β¥Η¥λ¤Ξ¥Χ¥ν¥»¥ΉΎπΚσ RV-12SL_NO1ARM_5:

¥Χ¥ν¥»¥Ή½Ξ»»ώ΄Φ: Mon Jun 30 18:19:34 2003

Αν¥Χ¥ν¥»¥Ή»ώ΄Φ: 00:00:04.


¥β¥Η¥λ¤Ξ¥Χ¥ν¥»¥ΉΎπΚσ RV-12S_ELBO_ASSY_ASM_5:

¥Χ¥ν¥»¥Ή½Ξ»»ώ΄Φ: Mon Jun 30 18:19:34 2003

Αν¥Χ¥ν¥»¥Ή»ώ΄Φ: 00:00:00.


¥β¥Η¥λ¤Ξ¥Χ¥ν¥»¥ΉΎπΚσ RV-12S_ELBO_7:

¥Χ¥ν¥»¥Ή½Ξ»»ώ΄Φ: Mon Jun 30 18:19:35 2003

Αν¥Χ¥ν¥»¥Ή»ώ΄Φ: 00:00:01.


¥β¥Η¥λ¤Ξ¥Χ¥ν¥»¥ΉΎπΚσ RV-12S_ELBO_COVER_A_3:

¥Χ¥ν¥»¥Ή½Ξ»»ώ΄Φ: Mon Jun 30 18:19:35 2003

Αν¥Χ¥ν¥»¥Ή»ώ΄Φ: 00:00:00.


¥β¥Η¥λ¤Ξ¥Χ¥ν¥»¥ΉΎπΚσ RV-12S_NO2ARM_ASSY_ASM_4:

¥Χ¥ν¥»¥Ή½Ξ»»ώ΄Φ: Mon Jun 30 18:19:35 2003

Αν¥Χ¥ν¥»¥Ή»ώ΄Φ: 00:00:00.


¥β¥Η¥λ¤Ξ¥Χ¥ν¥»¥ΉΎπΚσ RV-12S_NO2ARM_5:

¥Χ¥ν¥»¥Ή½Ξ»»ώ΄Φ: Mon Jun 30 18:19:37 2003

Αν¥Χ¥ν¥»¥Ή»ώ΄Φ: 00:00:02.


¥β¥Η¥λ¤Ξ¥Χ¥ν¥»¥ΉΎπΚσ RV-12S_NO2ARM_COVER_A_5:

¥Χ¥ν¥»¥Ή½Ξ»»ώ΄Φ: Mon Jun 30 18:19:38 2003

Αν¥Χ¥ν¥»¥Ή»ώ΄Φ: 00:00:01.


¥β¥Η¥λ¤Ξ¥Χ¥ν¥»¥ΉΎπΚσ RV-12S_NO2ARM_COVER_B_8:

¥Χ¥ν¥»¥Ή½Ξ»»ώ΄Φ: Mon Jun 30 18:19:38 2003

Αν¥Χ¥ν¥»¥Ή»ώ΄Φ: 00:00:00.


¥β¥Η¥λ¤Ξ¥Χ¥ν¥»¥ΉΎπΚσ RV-12S_WRIST_ASSY_ASM_4:

¥Χ¥ν¥»¥Ή½Ξ»»ώ΄Φ: Mon Jun 30 18:19:38 2003

Αν¥Χ¥ν¥»¥Ή»ώ΄Φ: 00:00:00.


¥β¥Η¥λ¤Ξ¥Χ¥ν¥»¥ΉΎπΚσ RV-12S_J6_DRIVE_UNIT_ASM_3:

¥Χ¥ν¥»¥Ή½Ξ»»ώ΄Φ: Mon Jun 30 18:19:38 2003

Αν¥Χ¥ν¥»¥Ή»ώ΄Φ: 00:00:00.


¥β¥Η¥λ¤Ξ¥Χ¥ν¥»¥ΉΎπΚσ RV-12S_J6_CRBRG_SPACER_2:

¥Χ¥ν¥»¥Ή½Ξ»»ώ΄Φ: Mon Jun 30 18:19:39 2003

Αν¥Χ¥ν¥»¥Ή»ώ΄Φ: 00:00:01.


¥β¥Η¥λ¤Ξ¥Χ¥ν¥»¥ΉΎπΚσ RV-12S_J6_FLANGE_2:

¥Χ¥ν¥»¥Ή½Ξ»»ώ΄Φ: Mon Jun 30 18:19:39 2003

Αν¥Χ¥ν¥»¥Ή»ώ΄Φ: 00:00:00.


¥β¥Η¥λ¤Ξ¥Χ¥ν¥»¥ΉΎπΚσ RV-12S_WRIST_6:

¥Χ¥ν¥»¥Ή½Ξ»»ώ΄Φ: Mon Jun 30 18:19:41 2003

Αν¥Χ¥ν¥»¥Ή»ώ΄Φ: 00:00:02.


¥β¥Η¥λ¤Ξ¥Χ¥ν¥»¥ΉΎπΚσ RV-12SL_J4_EX_FLANGE_5:

¥Χ¥ν¥»¥Ή½Ξ»»ώ΄Φ: Mon Jun 30 18:19:41 2003

Αν¥Χ¥ν¥»¥Ή»ώ΄Φ: 00:00:00.
